<?xml version="1.0" encoding="UTF-8"?>
<testng-results skipped="0" failed="0" ignored="0" total="1" passed="1">
  <reporter-output>
  </reporter-output>
  <suite name="Default suite" duration-ms="15846" started-at="2017-11-27T15:01:25Z" finished-at="2017-11-27T15:01:41Z">
    <groups>
    </groups>
    <test name="Default test" duration-ms="15846" started-at="2017-11-27T15:01:25Z" finished-at="2017-11-27T15:01:41Z">
      <class name="Com.TestONE.PracticeONE">
        <test-method status="PASS" signature="beforetest()[pri:0, instance:Com.TestONE.PracticeONE@17d0008]" name="beforetest" is-config="true" duration-ms="11249" started-at="2017-11-27T20:31:25Z" finished-at="2017-11-27T20:31:36Z">
          <reporter-output>
          </reporter-output>
        </test-method> <!-- beforetest -->
        <test-method status="PASS" signature="Logintest()[pri:0, instance:Com.TestONE.PracticeONE@17d0008]" name="Logintest" duration-ms="3767" started-at="2017-11-27T20:31:36Z" finished-at="2017-11-27T20:31:40Z">
          <reporter-output>
          </reporter-output>
        </test-method> <!-- Logintest -->
        <test-method status="PASS" signature="afterclass()[pri:0, instance:Com.TestONE.PracticeONE@17d0008]" name="afterclass" is-config="true" duration-ms="801" started-at="2017-11-27T20:31:40Z" finished-at="2017-11-27T20:31:41Z">
          <reporter-output>
          </reporter-output>
        </test-method> <!-- afterclass -->
      </class> <!-- Com.TestONE.PracticeONE -->
    </test> <!-- Default test -->
  </suite> <!-- Default suite -->
</testng-results>
